<?xml version="1.0" encoding="UTF-8"?>
<!-- Generated by org.testng.reporters.JUnitReportReporter -->
<testsuite hostname="ashishs-MacBook-Pro.local" failures="0" tests="2" name="invideo.api.tests.SignupTests" time="16.271" errors="0" timestamp="2021-10-20T19:58:39 IST" skipped="0">
  <testcase classname="invideo.api.tests.SignupTests" name="validSignup" time="8.191"/>
  <system-out/>
  <testcase classname="invideo.api.tests.SignupTests" name="invalidSignup" time="8.080"/>
  <system-out/>
</testsuite> <!-- invideo.api.tests.SignupTests -->
