<?xml version="1.0" encoding="UTF-8"?>
<!-- Generated by org.testng.reporters.JUnitReportReporter -->
<testsuite hostname="ashishs-MacBook-Pro.local" failures="0" tests="2" name="invideo.api.tests.LoginTests" time="16.545" errors="0" timestamp="2021-10-20T19:58:39 IST" skipped="0">
  <testcase classname="invideo.api.tests.LoginTests" name="validLogin" time="8.575"/>
  <system-out/>
  <testcase classname="invideo.api.tests.LoginTests" name="invalidLogin" time="7.970"/>
  <system-out/>
</testsuite> <!-- invideo.api.tests.LoginTests -->
